Start Error Log for today
2017-01-31 4:26:56 PM Err# [0].Des --> RELAX need some files to runing correctly but  O:\MY GIT\relax.net\Relax\bin\Release\LisaCore.dll not found in current dir.Please copy this file to current project dir and run it again.RELAX terminated by now.File not found
------------------------------------------------------------------------------------
2017-01-31 4:27:06 PM Err# [0].Des --> RELAX need some files to runing correctly but  O:\MY GIT\relax.net\Relax\bin\Release\LisaCore.dll not found in current dir.Please copy this file to current project dir and run it again.RELAX terminated by now.File not found
------------------------------------------------------------------------------------
2017-01-31 4:30:26 PM Err# [0].Des --> RELAX need some files to runing correctly but  O:\MY GIT\relax.net\Relax\bin\Release\LisaCore.dll not found in current dir.Please copy this file to current project dir and run it again.RELAX terminated by now.File not found
------------------------------------------------------------------------------------
2017-01-31 4:34:44 PM Err# [5].Des --> Exception has been thrown by the target of an invocation.
------------------------------------------------------------------------------------
2017-01-31 4:35:00 PM Err# [5].Des --> Exception has been thrown by the target of an invocation.
------------------------------------------------------------------------------------
2017-01-31 4:35:22 PM Err# [5].Des --> Exception has been thrown by the target of an invocation.
------------------------------------------------------------------------------------
2017-01-31 4:37:03 PM Err# [5].Des --> Exception has been thrown by the target of an invocation.
------------------------------------------------------------------------------------
2017-01-31 4:37:19 PM Err# [5].Des --> Exception has been thrown by the target of an invocation.
------------------------------------------------------------------------------------
2017-01-31 4:37:34 PM Err# [5].Des --> Exception has been thrown by the target of an invocation.
------------------------------------------------------------------------------------
2017-01-31 4:54:16 PM Err# [5].Des --> Exception has been thrown by the target of an invocation.
------------------------------------------------------------------------------------
2017-01-31 4:55:09 PM Err# [5].Des --> Exception has been thrown by the target of an invocation.
------------------------------------------------------------------------------------
2017-01-31 4:55:55 PM Err# [5].Des --> Exception has been thrown by the target of an invocation.
------------------------------------------------------------------------------------
2017-01-31 4:57:02 PM Err# [5].Des --> Exception has been thrown by the target of an invocation.
------------------------------------------------------------------------------------
2017-01-31 4:57:33 PM Err# [5].Des --> Exception has been thrown by the target of an invocation.
------------------------------------------------------------------------------------
2017-01-31 4:59:15 PM Err# [5].Des --> Exception has been thrown by the target of an invocation.
------------------------------------------------------------------------------------
2017-01-31 5:02:05 PM Err# [5].Des --> Exception has been thrown by the target of an invocation.
------------------------------------------------------------------------------------
2017-01-31 5:03:14 PM Err# [5].Des --> Exception has been thrown by the target of an invocation.
------------------------------------------------------------------------------------
2017-01-31 5:04:36 PM Err# [5].Des --> Exception has been thrown by the target of an invocation.
------------------------------------------------------------------------------------
2017-01-31 5:16:55 PM Err# [5].Des --> Exception has been thrown by the target of an invocation.
------------------------------------------------------------------------------------
2017-01-31 5:17:02 PM Err# [5].Des --> Exception has been thrown by the target of an invocation.
------------------------------------------------------------------------------------
2017-01-31 5:17:08 PM Err# [5].Des --> Exception has been thrown by the target of an invocation.
------------------------------------------------------------------------------------
2017-01-31 5:19:31 PM Err# [5].Des --> Exception has been thrown by the target of an invocation.
------------------------------------------------------------------------------------
2017-01-31 5:20:49 PM Err# [5].Des --> Exception has been thrown by the target of an invocation.
------------------------------------------------------------------------------------
2017-01-31 5:21:02 PM Err# [5].Des --> Exception has been thrown by the target of an invocation.
------------------------------------------------------------------------------------
2017-01-31 5:21:34 PM Err# [5].Des --> Exception has been thrown by the target of an invocation.
------------------------------------------------------------------------------------
2017-01-31 5:22:02 PM Err# [5].Des --> Exception has been thrown by the target of an invocation.
------------------------------------------------------------------------------------
2017-01-31 5:38:02 PM Err# [0].Des --> RELAX need some files to runing correctly but  O:\MY GIT\relax.net\Relax\bin\Release\vars.xml not found in current dir.Please copy this file to current project dir and run it again.RELAX terminated by now.File not found
------------------------------------------------------------------------------------
2017-01-31 5:38:32 PM Err# [0].Des --> RELAX need some files to runing correctly but  O:\MY GIT\relax.net\Relax\bin\Release\vars.xml not found in current dir.Please copy this file to current project dir and run it again.RELAX terminated by now.File not found
------------------------------------------------------------------------------------
2017-01-31 5:38:44 PM Err# [0].Des --> RELAX need some files to runing correctly but  O:\MY GIT\relax.net\Relax\bin\Release\vars.xml not found in current dir.Please copy this file to current project dir and run it again.RELAX terminated by now.File not found
------------------------------------------------------------------------------------
2017-01-31 5:38:54 PM Err# [0].Des --> RELAX need some files to runing correctly but  O:\MY GIT\relax.net\Relax\bin\Release\vars.xml not found in current dir.Please copy this file to current project dir and run it again.RELAX terminated by now.File not found
------------------------------------------------------------------------------------
2017-01-31 5:39:08 PM Err# [0].Des --> RELAX need some files to runing correctly but  O:\MY GIT\relax.net\Relax\bin\Release\vars.xml not found in current dir.Please copy this file to current project dir and run it again.RELAX terminated by now.File not found
------------------------------------------------------------------------------------
2017-01-31 5:39:30 PM Err# [0].Des --> RELAX need some files to runing correctly but  O:\MY GIT\relax.net\Relax\bin\Release\vars.xml not found in current dir.Please copy this file to current project dir and run it again.RELAX terminated by now.File not found
------------------------------------------------------------------------------------
2017-01-31 5:43:03 PM Err# [0].Des --> RELAX need some files to runing correctly but  O:\MY GIT\relax.net\Relax\bin\Release\vars.xml not found in current dir.Please copy this file to current project dir and run it again.RELAX terminated by now.File not found
------------------------------------------------------------------------------------
2017-01-31 5:43:27 PM Err# [0].Des --> RELAX need some files to runing correctly but  O:\MY GIT\relax.net\Relax\bin\Release\vars.xml not found in current dir.Please copy this file to current project dir and run it again.RELAX terminated by now.File not found
------------------------------------------------------------------------------------
2017-01-31 5:43:42 PM Err# [0].Des --> RELAX need some files to runing correctly but  O:\MY GIT\relax.net\Relax\bin\Release\vars.xml not found in current dir.Please copy this file to current project dir and run it again.RELAX terminated by now.File not found
------------------------------------------------------------------------------------
2017-01-31 5:44:34 PM Err# [0].Des --> RELAX need some files to runing correctly but  O:\MY GIT\relax.net\Relax\bin\Release\vars.xml not found in current dir.Please copy this file to current project dir and run it again.RELAX terminated by now.File not found
------------------------------------------------------------------------------------
2017-01-31 5:44:40 PM Err# [0].Des --> RELAX need some files to runing correctly but  O:\MY GIT\relax.net\Relax\bin\Release\vars.xml not found in current dir.Please copy this file to current project dir and run it again.RELAX terminated by now.File not found
------------------------------------------------------------------------------------
2017-01-31 5:44:52 PM Err# [0].Des --> RELAX need some files to runing correctly but  O:\MY GIT\relax.net\Relax\bin\Release\vars.xml not found in current dir.Please copy this file to current project dir and run it again.RELAX terminated by now.File not found
------------------------------------------------------------------------------------
