
System.IO.IOException: Could not complete operation on some files and directories. See the Data property of the exception for more details.
   at Microsoft.VisualBasic.FileIO.FileSystem.FxCopyOrMoveDirectory(CopyOrMove operation, String sourceDirectoryPath, String targetDirectoryPath, Boolean overwrite)
   at Microsoft.VisualBasic.FileIO.FileSystem.CopyOrMoveDirectory(CopyOrMove operation, String sourceDirectoryName, String destinationDirectoryName, Boolean overwrite, UIOptionInternal showUI, UICancelOption onUserCancel)
   at Microsoft.VisualBasic.MyServices.FileSystemProxy.CopyDirectory(String sourceDirectoryName, String destinationDirectoryName, Boolean overwrite)
   at Updater.func.copyto()
----------------------------------------------------------2017-02-02 11:52:21 AM
System.IO.IOException: Could not complete operation on some files and directories. See the Data property of the exception for more details.
   at Microsoft.VisualBasic.FileIO.FileSystem.FxCopyOrMoveDirectory(CopyOrMove operation, String sourceDirectoryPath, String targetDirectoryPath, Boolean overwrite)
   at Microsoft.VisualBasic.FileIO.FileSystem.CopyOrMoveDirectory(CopyOrMove operation, String sourceDirectoryName, String destinationDirectoryName, Boolean overwrite, UIOptionInternal showUI, UICancelOption onUserCancel)
   at Microsoft.VisualBasic.MyServices.FileSystemProxy.CopyDirectory(String sourceDirectoryName, String destinationDirectoryName, Boolean overwrite)
   at Updater.func.copyto()
----------------------------------------------------------2017-02-02 11:55:06 AM
System.IO.FileNotFoundException: Could not find file 'o:\MY GIT\relax.net\Relax\bin\Release\source.zip'.
File name: 'o:\MY GIT\relax.net\Relax\bin\Release\source.zip'
   at System.IO.__Error.WinIOError(Int32 errorCode, String maybeFullPath)
   at System.IO.FileStream.Init(String path, FileMode mode, FileAccess access, Int32 rights, Boolean useRights, FileShare share, Int32 bufferSize, FileOptions options, SECURITY_ATTRIBUTES secAttrs, String msgPath, Boolean bFromProxy, Boolean useLongPath, Boolean checkHost)
   at System.IO.FileStream..ctor(String path, FileMode mode, FileAccess access, FileShare share)
   at System.IO.Compression.ZipFile.Open(String archiveFileName, ZipArchiveMode mode, Encoding entryNameEncoding)
   at System.IO.Compression.ZipFile.ExtractToDirectory(String sourceArchiveFileName, String destinationDirectoryName, Encoding entryNameEncoding)
   at System.IO.Compression.ZipFile.ExtractToDirectory(String sourceArchiveFileName, String destinationDirectoryName)
   at Updater.func.zip(String zipPath, String unzippath)
----------------------------------------------------------2017-02-02 11:55:27 AM
System.IO.DirectoryNotFoundException: Could not find directory 'o:\MY GIT\relax.net\Relax\bin\Release\tmpupdate'.
   at Microsoft.VisualBasic.FileIO.FileSystem.CopyOrMoveDirectory(CopyOrMove operation, String sourceDirectoryName, String destinationDirectoryName, Boolean overwrite, UIOptionInternal showUI, UICancelOption onUserCancel)
   at Microsoft.VisualBasic.MyServices.FileSystemProxy.CopyDirectory(String sourceDirectoryName, String destinationDirectoryName, Boolean overwrite)
   at Updater.func.copyto()
----------------------------------------------------------2017-02-02 11:55:30 AM