
System.IO.FileNotFoundException: Could not find file 'C:\Users\Bagherzadeh\documents\visual studio 2015\Projects\WindowsApplication40\WindowsApplication40\bin\Debug\source.zip'.
File name: 'C:\Users\Bagherzadeh\documents\visual studio 2015\Projects\WindowsApplication40\WindowsApplication40\bin\Debug\source.zip'
   at System.IO.__Error.WinIOError(Int32 errorCode, String maybeFullPath)
   at System.IO.FileStream.Init(String path, FileMode mode, FileAccess access, Int32 rights, Boolean useRights, FileShare share, Int32 bufferSize, FileOptions options, SECURITY_ATTRIBUTES secAttrs, String msgPath, Boolean bFromProxy, Boolean useLongPath, Boolean checkHost)
   at System.IO.FileStream..ctor(String path, FileMode mode, FileAccess access, FileShare share)
   at System.IO.Compression.ZipFile.Open(String archiveFileName, ZipArchiveMode mode, Encoding entryNameEncoding)
   at System.IO.Compression.ZipFile.ExtractToDirectory(String sourceArchiveFileName, String destinationDirectoryName, Encoding entryNameEncoding)
   at System.IO.Compression.ZipFile.ExtractToDirectory(String sourceArchiveFileName, String destinationDirectoryName)
   at Updater.func.zip(String zipPath, String unzippath) in C:\Users\Bagherzadeh\documents\visual studio 2015\Projects\WindowsApplication40\WindowsApplication40\func.vb:line 80
----------------------------------------------------------2017-02-03 1:39:53 PM
System.IO.DirectoryNotFoundException: Could not find directory 'C:\Users\Bagherzadeh\documents\visual studio 2015\Projects\WindowsApplication40\WindowsApplication40\bin\Debug\tmpupdate'.
   at Microsoft.VisualBasic.FileIO.FileSystem.CopyOrMoveDirectory(CopyOrMove operation, String sourceDirectoryName, String destinationDirectoryName, Boolean overwrite, UIOptionInternal showUI, UICancelOption onUserCancel)
   at Microsoft.VisualBasic.MyServices.FileSystemProxy.CopyDirectory(String sourceDirectoryName, String destinationDirectoryName, Boolean overwrite)
   at Updater.func.copyto() in C:\Users\Bagherzadeh\documents\visual studio 2015\Projects\WindowsApplication40\WindowsApplication40\func.vb:line 31
----------------------------------------------------------2017-02-03 1:39:54 PM
System.ComponentModel.Win32Exception (0x80004005): The system cannot find the file specified
   at System.Diagnostics.Process.StartWithShellExecuteEx(ProcessStartInfo startInfo)
   at System.Diagnostics.Process.Start()
   at System.Diagnostics.Process.Start(ProcessStartInfo startInfo)
   at System.Diagnostics.Process.Start(String fileName, String arguments)
   at Updater.frmmain.Form1_Shown(Object sender, EventArgs e) in C:\Users\Bagherzadeh\documents\visual studio 2015\Projects\WindowsApplication40\WindowsApplication40\frmmain.vb:line 19
----------------------------------------------------------2017-02-03 1:39:55 PM
System.IO.FileNotFoundException: Could not find file 'C:\Users\Bagherzadeh\documents\visual studio 2015\Projects\WindowsApplication40\WindowsApplication40\bin\Debug\source.zip'.
File name: 'C:\Users\Bagherzadeh\documents\visual studio 2015\Projects\WindowsApplication40\WindowsApplication40\bin\Debug\source.zip'
   at System.IO.__Error.WinIOError(Int32 errorCode, String maybeFullPath)
   at System.IO.FileStream.Init(String path, FileMode mode, FileAccess access, Int32 rights, Boolean useRights, FileShare share, Int32 bufferSize, FileOptions options, SECURITY_ATTRIBUTES secAttrs, String msgPath, Boolean bFromProxy, Boolean useLongPath, Boolean checkHost)
   at System.IO.FileStream..ctor(String path, FileMode mode, FileAccess access, FileShare share)
   at System.IO.Compression.ZipFile.Open(String archiveFileName, ZipArchiveMode mode, Encoding entryNameEncoding)
   at System.IO.Compression.ZipFile.ExtractToDirectory(String sourceArchiveFileName, String destinationDirectoryName, Encoding entryNameEncoding)
   at System.IO.Compression.ZipFile.ExtractToDirectory(String sourceArchiveFileName, String destinationDirectoryName)
   at Updater.func.zip(String zipPath, String unzippath) in C:\Users\Bagherzadeh\documents\visual studio 2015\Projects\WindowsApplication40\WindowsApplication40\func.vb:line 82
----------------------------------------------------------2017-02-03 2:09:35 PM
System.IO.DirectoryNotFoundException: Could not find directory 'C:\Users\Bagherzadeh\documents\visual studio 2015\Projects\WindowsApplication40\WindowsApplication40\bin\Debug\tmpupdate'.
   at Microsoft.VisualBasic.FileIO.FileSystem.CopyOrMoveDirectory(CopyOrMove operation, String sourceDirectoryName, String destinationDirectoryName, Boolean overwrite, UIOptionInternal showUI, UICancelOption onUserCancel)
   at Microsoft.VisualBasic.MyServices.FileSystemProxy.CopyDirectory(String sourceDirectoryName, String destinationDirectoryName, Boolean overwrite)
   at Updater.func.copyto() in C:\Users\Bagherzadeh\documents\visual studio 2015\Projects\WindowsApplication40\WindowsApplication40\func.vb:line 31
----------------------------------------------------------2017-02-03 2:09:36 PM
System.ComponentModel.Win32Exception (0x80004005): The system cannot find the file specified
   at System.Diagnostics.Process.StartWithShellExecuteEx(ProcessStartInfo startInfo)
   at System.Diagnostics.Process.Start()
   at System.Diagnostics.Process.Start(ProcessStartInfo startInfo)
   at System.Diagnostics.Process.Start(String fileName, String arguments)
   at Updater.frmmain.Form1_Shown(Object sender, EventArgs e) in C:\Users\Bagherzadeh\documents\visual studio 2015\Projects\WindowsApplication40\WindowsApplication40\frmmain.vb:line 19
----------------------------------------------------------2017-02-03 2:09:38 PM
System.IO.FileNotFoundException: Could not find file 'C:\Users\Bagherzadeh\documents\visual studio 2015\Projects\WindowsApplication40\WindowsApplication40\bin\Debug\source.zip'.
File name: 'C:\Users\Bagherzadeh\documents\visual studio 2015\Projects\WindowsApplication40\WindowsApplication40\bin\Debug\source.zip'
   at System.IO.__Error.WinIOError(Int32 errorCode, String maybeFullPath)
   at System.IO.FileStream.Init(String path, FileMode mode, FileAccess access, Int32 rights, Boolean useRights, FileShare share, Int32 bufferSize, FileOptions options, SECURITY_ATTRIBUTES secAttrs, String msgPath, Boolean bFromProxy, Boolean useLongPath, Boolean checkHost)
   at System.IO.FileStream..ctor(String path, FileMode mode, FileAccess access, FileShare share)
   at System.IO.Compression.ZipFile.Open(String archiveFileName, ZipArchiveMode mode, Encoding entryNameEncoding)
   at System.IO.Compression.ZipFile.ExtractToDirectory(String sourceArchiveFileName, String destinationDirectoryName, Encoding entryNameEncoding)
   at System.IO.Compression.ZipFile.ExtractToDirectory(String sourceArchiveFileName, String destinationDirectoryName)
   at Updater.func.zip(String zipPath, String unzippath) in C:\Users\Bagherzadeh\documents\visual studio 2015\Projects\WindowsApplication40\WindowsApplication40\func.vb:line 84
----------------------------------------------------------2017-02-03 3:39:16 PM
System.IO.DirectoryNotFoundException: Could not find directory 'C:\Users\Bagherzadeh\documents\visual studio 2015\Projects\WindowsApplication40\WindowsApplication40\bin\Debug\tmpupdate'.
   at Microsoft.VisualBasic.FileIO.FileSystem.CopyOrMoveDirectory(CopyOrMove operation, String sourceDirectoryName, String destinationDirectoryName, Boolean overwrite, UIOptionInternal showUI, UICancelOption onUserCancel)
   at Microsoft.VisualBasic.MyServices.FileSystemProxy.CopyDirectory(String sourceDirectoryName, String destinationDirectoryName, Boolean overwrite)
   at Updater.func.copyto() in C:\Users\Bagherzadeh\documents\visual studio 2015\Projects\WindowsApplication40\WindowsApplication40\func.vb:line 31
----------------------------------------------------------2017-02-03 3:39:17 PM
System.ComponentModel.Win32Exception (0x80004005): The system cannot find the file specified
   at System.Diagnostics.Process.StartWithShellExecuteEx(ProcessStartInfo startInfo)
   at System.Diagnostics.Process.Start()
   at System.Diagnostics.Process.Start(ProcessStartInfo startInfo)
   at System.Diagnostics.Process.Start(String fileName, String arguments)
   at Updater.frmmain.Form1_Shown(Object sender, EventArgs e) in C:\Users\Bagherzadeh\documents\visual studio 2015\Projects\WindowsApplication40\WindowsApplication40\frmmain.vb:line 19
----------------------------------------------------------2017-02-03 3:39:19 PM
System.IO.IOException: The file 'C:\Users\Bagherzadeh\documents\visual studio 2015\Projects\WindowsApplication40\WindowsApplication40\bin\Debug\tmpupdate\updater.exe0' already exists.
   at System.IO.__Error.WinIOError(Int32 errorCode, String maybeFullPath)
   at System.IO.FileStream.Init(String path, FileMode mode, FileAccess access, Int32 rights, Boolean useRights, FileShare share, Int32 bufferSize, FileOptions options, SECURITY_ATTRIBUTES secAttrs, String msgPath, Boolean bFromProxy, Boolean useLongPath, Boolean checkHost)
   at System.IO.FileStream..ctor(String path, FileMode mode, FileAccess access, FileShare share)
   at System.IO.Compression.ZipFileExtensions.ExtractToFile(ZipArchiveEntry source, String destinationFileName, Boolean overwrite)
   at System.IO.Compression.ZipFileExtensions.ExtractToDirectory(ZipArchive source, String destinationDirectoryName)
   at System.IO.Compression.ZipFile.ExtractToDirectory(String sourceArchiveFileName, String destinationDirectoryName, Encoding entryNameEncoding)
   at System.IO.Compression.ZipFile.ExtractToDirectory(String sourceArchiveFileName, String destinationDirectoryName)
   at Updater.func.zip(String zipPath, String unzippath) in C:\Users\Bagherzadeh\documents\visual studio 2015\Projects\WindowsApplication40\WindowsApplication40\func.vb:line 84
----------------------------------------------------------2017-02-03 3:41:22 PM
System.IO.IOException: Could not complete operation on some files and directories. See the Data property of the exception for more details.
   at Microsoft.VisualBasic.FileIO.FileSystem.FxCopyOrMoveDirectory(CopyOrMove operation, String sourceDirectoryPath, String targetDirectoryPath, Boolean overwrite)
   at Microsoft.VisualBasic.FileIO.FileSystem.CopyOrMoveDirectory(CopyOrMove operation, String sourceDirectoryName, String destinationDirectoryName, Boolean overwrite, UIOptionInternal showUI, UICancelOption onUserCancel)
   at Microsoft.VisualBasic.MyServices.FileSystemProxy.CopyDirectory(String sourceDirectoryName, String destinationDirectoryName, Boolean overwrite)
   at Updater.func.copyto() in C:\Users\Bagherzadeh\documents\visual studio 2015\Projects\WindowsApplication40\WindowsApplication40\func.vb:line 31
----------------------------------------------------------2017-02-03 3:42:41 PM
System.ComponentModel.Win32Exception (0x80004005): The system cannot find the file specified
   at System.Diagnostics.Process.StartWithShellExecuteEx(ProcessStartInfo startInfo)
   at System.Diagnostics.Process.Start()
   at System.Diagnostics.Process.Start(ProcessStartInfo startInfo)
   at System.Diagnostics.Process.Start(String fileName, String arguments)
   at Updater.frmmain.Form1_Shown(Object sender, EventArgs e) in C:\Users\Bagherzadeh\documents\visual studio 2015\Projects\WindowsApplication40\WindowsApplication40\frmmain.vb:line 19
----------------------------------------------------------2017-02-03 3:42:43 PM
System.IO.IOException: The file 'C:\Users\Bagherzadeh\documents\visual studio 2015\Projects\WindowsApplication40\WindowsApplication40\bin\Debug\tmpupdate\ErrorLog_29-Dec-2016.log' already exists.
   at System.IO.__Error.WinIOError(Int32 errorCode, String maybeFullPath)
   at System.IO.FileStream.Init(String path, FileMode mode, FileAccess access, Int32 rights, Boolean useRights, FileShare share, Int32 bufferSize, FileOptions options, SECURITY_ATTRIBUTES secAttrs, String msgPath, Boolean bFromProxy, Boolean useLongPath, Boolean checkHost)
   at System.IO.FileStream..ctor(String path, FileMode mode, FileAccess access, FileShare share)
   at System.IO.Compression.ZipFileExtensions.ExtractToFile(ZipArchiveEntry source, String destinationFileName, Boolean overwrite)
   at System.IO.Compression.ZipFileExtensions.ExtractToDirectory(ZipArchive source, String destinationDirectoryName)
   at System.IO.Compression.ZipFile.ExtractToDirectory(String sourceArchiveFileName, String destinationDirectoryName, Encoding entryNameEncoding)
   at System.IO.Compression.ZipFile.ExtractToDirectory(String sourceArchiveFileName, String destinationDirectoryName)
   at Updater.func.zip(String zipPath, String unzippath) in C:\Users\Bagherzadeh\documents\visual studio 2015\Projects\WindowsApplication40\WindowsApplication40\func.vb:line 84
----------------------------------------------------------2017-02-03 3:44:00 PM
System.IO.IOException: The file 'C:\Users\Bagherzadeh\documents\visual studio 2015\Projects\WindowsApplication40\WindowsApplication40\bin\Debug\tmpupdate\ErrorLog_29-Jan-2017.log' already exists.
   at System.IO.__Error.WinIOError(Int32 errorCode, String maybeFullPath)
   at System.IO.FileStream.Init(String path, FileMode mode, FileAccess access, Int32 rights, Boolean useRights, FileShare share, Int32 bufferSize, FileOptions options, SECURITY_ATTRIBUTES secAttrs, String msgPath, Boolean bFromProxy, Boolean useLongPath, Boolean checkHost)
   at System.IO.FileStream..ctor(String path, FileMode mode, FileAccess access, FileShare share)
   at System.IO.Compression.ZipFileExtensions.ExtractToFile(ZipArchiveEntry source, String destinationFileName, Boolean overwrite)
   at System.IO.Compression.ZipFileExtensions.ExtractToDirectory(ZipArchive source, String destinationDirectoryName)
   at System.IO.Compression.ZipFile.ExtractToDirectory(String sourceArchiveFileName, String destinationDirectoryName, Encoding entryNameEncoding)
   at System.IO.Compression.ZipFile.ExtractToDirectory(String sourceArchiveFileName, String destinationDirectoryName)
   at Updater.func.zip(String zipPath, String unzippath) in C:\Users\Bagherzadeh\documents\visual studio 2015\Projects\WindowsApplication40\WindowsApplication40\func.vb:line 84
----------------------------------------------------------2017-02-03 3:44:56 PM
System.IO.IOException: Could not complete operation on some files and directories. See the Data property of the exception for more details.
   at Microsoft.VisualBasic.FileIO.FileSystem.FxCopyOrMoveDirectory(CopyOrMove operation, String sourceDirectoryPath, String targetDirectoryPath, Boolean overwrite)
   at Microsoft.VisualBasic.FileIO.FileSystem.CopyOrMoveDirectory(CopyOrMove operation, String sourceDirectoryName, String destinationDirectoryName, Boolean overwrite, UIOptionInternal showUI, UICancelOption onUserCancel)
   at Microsoft.VisualBasic.MyServices.FileSystemProxy.CopyDirectory(String sourceDirectoryName, String destinationDirectoryName, Boolean overwrite)
   at Updater.func.copyto() in C:\Users\Bagherzadeh\documents\visual studio 2015\Projects\WindowsApplication40\WindowsApplication40\func.vb:line 31
----------------------------------------------------------2017-02-03 3:44:57 PM
System.ComponentModel.Win32Exception (0x80004005): The system cannot find the file specified
   at System.Diagnostics.Process.StartWithShellExecuteEx(ProcessStartInfo startInfo)
   at System.Diagnostics.Process.Start()
   at System.Diagnostics.Process.Start(ProcessStartInfo startInfo)
   at System.Diagnostics.Process.Start(String fileName, String arguments)
   at Updater.frmmain.Form1_Shown(Object sender, EventArgs e) in C:\Users\Bagherzadeh\documents\visual studio 2015\Projects\WindowsApplication40\WindowsApplication40\frmmain.vb:line 19
----------------------------------------------------------2017-02-03 3:44:58 PM
System.IO.IOException: Could not complete operation on some files and directories. See the Data property of the exception for more details.
   at Microsoft.VisualBasic.FileIO.FileSystem.FxCopyOrMoveDirectory(CopyOrMove operation, String sourceDirectoryPath, String targetDirectoryPath, Boolean overwrite)
   at Microsoft.VisualBasic.FileIO.FileSystem.CopyOrMoveDirectory(CopyOrMove operation, String sourceDirectoryName, String destinationDirectoryName, Boolean overwrite, UIOptionInternal showUI, UICancelOption onUserCancel)
   at Microsoft.VisualBasic.MyServices.FileSystemProxy.CopyDirectory(String sourceDirectoryName, String destinationDirectoryName, Boolean overwrite)
   at Updater.func.copyto() in C:\Users\Bagherzadeh\documents\visual studio 2015\Projects\WindowsApplication40\WindowsApplication40\func.vb:line 31
----------------------------------------------------------2017-02-03 3:45:39 PM
System.ComponentModel.Win32Exception (0x80004005): The system cannot find the file specified
   at System.Diagnostics.Process.StartWithShellExecuteEx(ProcessStartInfo startInfo)
   at System.Diagnostics.Process.Start()
   at System.Diagnostics.Process.Start(ProcessStartInfo startInfo)
   at System.Diagnostics.Process.Start(String fileName, String arguments)
   at Updater.frmmain.Form1_Shown(Object sender, EventArgs e) in C:\Users\Bagherzadeh\documents\visual studio 2015\Projects\WindowsApplication40\WindowsApplication40\frmmain.vb:line 19
----------------------------------------------------------2017-02-03 3:45:41 PM
System.IO.IOException: Could not complete operation on some files and directories. See the Data property of the exception for more details.
   at Microsoft.VisualBasic.FileIO.FileSystem.FxCopyOrMoveDirectory(CopyOrMove operation, String sourceDirectoryPath, String targetDirectoryPath, Boolean overwrite)
   at Microsoft.VisualBasic.FileIO.FileSystem.CopyOrMoveDirectory(CopyOrMove operation, String sourceDirectoryName, String destinationDirectoryName, Boolean overwrite, UIOptionInternal showUI, UICancelOption onUserCancel)
   at Microsoft.VisualBasic.MyServices.FileSystemProxy.CopyDirectory(String sourceDirectoryName, String destinationDirectoryName, Boolean overwrite)
   at Updater.func.copyto() in C:\Users\Bagherzadeh\documents\visual studio 2015\Projects\WindowsApplication40\WindowsApplication40\func.vb:line 31
----------------------------------------------------------2017-02-03 3:46:44 PM
System.ComponentModel.Win32Exception (0x80004005): The system cannot find the file specified
   at System.Diagnostics.Process.StartWithShellExecuteEx(ProcessStartInfo startInfo)
   at System.Diagnostics.Process.Start()
   at System.Diagnostics.Process.Start(ProcessStartInfo startInfo)
   at System.Diagnostics.Process.Start(String fileName, String arguments)
   at Updater.frmmain.Form1_Shown(Object sender, EventArgs e) in C:\Users\Bagherzadeh\documents\visual studio 2015\Projects\WindowsApplication40\WindowsApplication40\frmmain.vb:line 19
----------------------------------------------------------2017-02-03 3:46:46 PM
System.IO.IOException: The file 'C:\Users\Bagherzadeh\documents\visual studio 2015\Projects\WindowsApplication40\WindowsApplication40\bin\Debug\tmpupdate\updater.exe' already exists.
   at System.IO.__Error.WinIOError(Int32 errorCode, String maybeFullPath)
   at System.IO.FileStream.Init(String path, FileMode mode, FileAccess access, Int32 rights, Boolean useRights, FileShare share, Int32 bufferSize, FileOptions options, SECURITY_ATTRIBUTES secAttrs, String msgPath, Boolean bFromProxy, Boolean useLongPath, Boolean checkHost)
   at System.IO.FileStream..ctor(String path, FileMode mode, FileAccess access, FileShare share)
   at System.IO.Compression.ZipFileExtensions.ExtractToFile(ZipArchiveEntry source, String destinationFileName, Boolean overwrite)
   at System.IO.Compression.ZipFileExtensions.ExtractToDirectory(ZipArchive source, String destinationDirectoryName)
   at System.IO.Compression.ZipFile.ExtractToDirectory(String sourceArchiveFileName, String destinationDirectoryName, Encoding entryNameEncoding)
   at System.IO.Compression.ZipFile.ExtractToDirectory(String sourceArchiveFileName, String destinationDirectoryName)
   at Updater.func.zip(String zipPath, String unzippath) in C:\Users\Bagherzadeh\documents\visual studio 2015\Projects\WindowsApplication40\WindowsApplication40\func.vb:line 84
----------------------------------------------------------2017-02-03 3:48:32 PM
System.IO.IOException: The file 'C:\Users\Bagherzadeh\documents\visual studio 2015\Projects\WindowsApplication40\WindowsApplication40\bin\Debug\tmpupdate\updater.exe' already exists.
   at System.IO.__Error.WinIOError(Int32 errorCode, String maybeFullPath)
   at System.IO.FileStream.Init(String path, FileMode mode, FileAccess access, Int32 rights, Boolean useRights, FileShare share, Int32 bufferSize, FileOptions options, SECURITY_ATTRIBUTES secAttrs, String msgPath, Boolean bFromProxy, Boolean useLongPath, Boolean checkHost)
   at System.IO.FileStream..ctor(String path, FileMode mode, FileAccess access, FileShare share)
   at System.IO.Compression.ZipFileExtensions.ExtractToFile(ZipArchiveEntry source, String destinationFileName, Boolean overwrite)
   at System.IO.Compression.ZipFileExtensions.ExtractToDirectory(ZipArchive source, String destinationDirectoryName)
   at System.IO.Compression.ZipFile.ExtractToDirectory(String sourceArchiveFileName, String destinationDirectoryName, Encoding entryNameEncoding)
   at System.IO.Compression.ZipFile.ExtractToDirectory(String sourceArchiveFileName, String destinationDirectoryName)
   at Updater.func.zip(String zipPath, String unzippath) in C:\Users\Bagherzadeh\documents\visual studio 2015\Projects\WindowsApplication40\WindowsApplication40\func.vb:line 84
----------------------------------------------------------2017-02-03 3:49:37 PM
System.IO.IOException: Could not complete operation on some files and directories. See the Data property of the exception for more details.
   at Microsoft.VisualBasic.FileIO.FileSystem.FxCopyOrMoveDirectory(CopyOrMove operation, String sourceDirectoryPath, String targetDirectoryPath, Boolean overwrite)
   at Microsoft.VisualBasic.FileIO.FileSystem.CopyOrMoveDirectory(CopyOrMove operation, String sourceDirectoryName, String destinationDirectoryName, Boolean overwrite, UIOptionInternal showUI, UICancelOption onUserCancel)
   at Microsoft.VisualBasic.MyServices.FileSystemProxy.CopyDirectory(String sourceDirectoryName, String destinationDirectoryName, Boolean overwrite)
   at Updater.func.copyto() in C:\Users\Bagherzadeh\documents\visual studio 2015\Projects\WindowsApplication40\WindowsApplication40\func.vb:line 31
----------------------------------------------------------2017-02-03 3:49:41 PM
System.IO.FileNotFoundException: Could not find file 'C:\Users\Bagherzadeh\documents\visual studio 2015\Projects\WindowsApplication40\WindowsApplication40\bin\Debug\source.zip'.
File name: 'C:\Users\Bagherzadeh\documents\visual studio 2015\Projects\WindowsApplication40\WindowsApplication40\bin\Debug\source.zip'
   at System.IO.__Error.WinIOError(Int32 errorCode, String maybeFullPath)
   at System.IO.FileStream.Init(String path, FileMode mode, FileAccess access, Int32 rights, Boolean useRights, FileShare share, Int32 bufferSize, FileOptions options, SECURITY_ATTRIBUTES secAttrs, String msgPath, Boolean bFromProxy, Boolean useLongPath, Boolean checkHost)
   at System.IO.FileStream..ctor(String path, FileMode mode, FileAccess access, FileShare share)
   at System.IO.Compression.ZipFile.Open(String archiveFileName, ZipArchiveMode mode, Encoding entryNameEncoding)
   at System.IO.Compression.ZipFile.ExtractToDirectory(String sourceArchiveFileName, String destinationDirectoryName, Encoding entryNameEncoding)
   at System.IO.Compression.ZipFile.ExtractToDirectory(String sourceArchiveFileName, String destinationDirectoryName)
   at Updater.func.zip(String zipPath, String unzippath) in C:\Users\Bagherzadeh\documents\visual studio 2015\Projects\WindowsApplication40\WindowsApplication40\func.vb:line 80
----------------------------------------------------------2017-02-03 4:23:45 PM
System.IO.IOException: Could not complete operation on some files and directories. See the Data property of the exception for more details.
   at Microsoft.VisualBasic.FileIO.FileSystem.FxCopyOrMoveDirectory(CopyOrMove operation, String sourceDirectoryPath, String targetDirectoryPath, Boolean overwrite)
   at Microsoft.VisualBasic.FileIO.FileSystem.CopyOrMoveDirectory(CopyOrMove operation, String sourceDirectoryName, String destinationDirectoryName, Boolean overwrite, UIOptionInternal showUI, UICancelOption onUserCancel)
   at Microsoft.VisualBasic.MyServices.FileSystemProxy.CopyDirectory(String sourceDirectoryName, String destinationDirectoryName, Boolean overwrite)
   at Updater.func.copyto() in C:\Users\Bagherzadeh\documents\visual studio 2015\Projects\WindowsApplication40\WindowsApplication40\func.vb:line 30
----------------------------------------------------------2017-02-03 4:23:46 PM
System.ComponentModel.Win32Exception (0x80004005): The system cannot find the file specified
   at System.Diagnostics.Process.StartWithShellExecuteEx(ProcessStartInfo startInfo)
   at System.Diagnostics.Process.Start()
   at System.Diagnostics.Process.Start(ProcessStartInfo startInfo)
   at System.Diagnostics.Process.Start(String fileName, String arguments)
   at Updater.frmmain.Form1_Shown(Object sender, EventArgs e) in C:\Users\Bagherzadeh\documents\visual studio 2015\Projects\WindowsApplication40\WindowsApplication40\frmmain.vb:line 19
----------------------------------------------------------2017-02-03 4:23:50 PM