
System.IO.FileNotFoundException: Could not find file 'o:\MY GIT\relax.net\updater\bin\Debug\source.zip'.
File name: 'o:\MY GIT\relax.net\updater\bin\Debug\source.zip'
   at System.IO.__Error.WinIOError(Int32 errorCode, String maybeFullPath)
   at System.IO.FileStream.Init(String path, FileMode mode, FileAccess access, Int32 rights, Boolean useRights, FileShare share, Int32 bufferSize, FileOptions options, SECURITY_ATTRIBUTES secAttrs, String msgPath, Boolean bFromProxy, Boolean useLongPath, Boolean checkHost)
   at System.IO.FileStream..ctor(String path, FileMode mode, FileAccess access, FileShare share)
   at System.IO.Compression.ZipFile.Open(String archiveFileName, ZipArchiveMode mode, Encoding entryNameEncoding)
   at System.IO.Compression.ZipFile.ExtractToDirectory(String sourceArchiveFileName, String destinationDirectoryName, Encoding entryNameEncoding)
   at System.IO.Compression.ZipFile.ExtractToDirectory(String sourceArchiveFileName, String destinationDirectoryName)
   at Updater.func.zip(String zipPath, String unzippath) in C:\Users\Bagherzadeh\documents\visual studio 2015\Projects\WindowsApplication40\WindowsApplication40\func.vb:line 80
----------------------------------------------------------2017-02-04 11:41:51 AM
System.IO.DirectoryNotFoundException: Could not find directory 'o:\MY GIT\relax.net\updater\bin\Debug\tmpupdate'.
   at Microsoft.VisualBasic.FileIO.FileSystem.CopyOrMoveDirectory(CopyOrMove operation, String sourceDirectoryName, String destinationDirectoryName, Boolean overwrite, UIOptionInternal showUI, UICancelOption onUserCancel)
   at Microsoft.VisualBasic.MyServices.FileSystemProxy.CopyDirectory(String sourceDirectoryName, String destinationDirectoryName, Boolean overwrite)
   at Updater.func.copyto() in C:\Users\Bagherzadeh\documents\visual studio 2015\Projects\WindowsApplication40\WindowsApplication40\func.vb:line 30
----------------------------------------------------------2017-02-04 11:41:52 AM
System.IO.FileNotFoundException: Could not find file 'o:\MY GIT\relax.net\updater\bin\Debug\source.zip'.
File name: 'o:\MY GIT\relax.net\updater\bin\Debug\source.zip'
   at System.IO.__Error.WinIOError(Int32 errorCode, String maybeFullPath)
   at System.IO.FileStream.Init(String path, FileMode mode, FileAccess access, Int32 rights, Boolean useRights, FileShare share, Int32 bufferSize, FileOptions options, SECURITY_ATTRIBUTES secAttrs, String msgPath, Boolean bFromProxy, Boolean useLongPath, Boolean checkHost)
   at System.IO.FileStream..ctor(String path, FileMode mode, FileAccess access, FileShare share)
   at System.IO.Compression.ZipFile.Open(String archiveFileName, ZipArchiveMode mode, Encoding entryNameEncoding)
   at System.IO.Compression.ZipFile.ExtractToDirectory(String sourceArchiveFileName, String destinationDirectoryName, Encoding entryNameEncoding)
   at System.IO.Compression.ZipFile.ExtractToDirectory(String sourceArchiveFileName, String destinationDirectoryName)
   at Updater.func.zip(String zipPath, String unzippath) in C:\Users\Bagherzadeh\documents\visual studio 2015\Projects\WindowsApplication40\WindowsApplication40\func.vb:line 80
----------------------------------------------------------2017-02-04 11:42:18 AM
System.IO.DirectoryNotFoundException: Could not find directory 'o:\MY GIT\relax.net\updater\bin\Debug\tmpupdate'.
   at Microsoft.VisualBasic.FileIO.FileSystem.CopyOrMoveDirectory(CopyOrMove operation, String sourceDirectoryName, String destinationDirectoryName, Boolean overwrite, UIOptionInternal showUI, UICancelOption onUserCancel)
   at Microsoft.VisualBasic.MyServices.FileSystemProxy.CopyDirectory(String sourceDirectoryName, String destinationDirectoryName, Boolean overwrite)
   at Updater.func.copyto() in C:\Users\Bagherzadeh\documents\visual studio 2015\Projects\WindowsApplication40\WindowsApplication40\func.vb:line 30
----------------------------------------------------------2017-02-04 11:42:19 AM
System.IO.FileNotFoundException: Could not find file 'o:\MY GIT\relax.net\updater\bin\Debug\source.zip'.
File name: 'o:\MY GIT\relax.net\updater\bin\Debug\source.zip'
   at System.IO.__Error.WinIOError(Int32 errorCode, String maybeFullPath)
   at System.IO.FileStream.Init(String path, FileMode mode, FileAccess access, Int32 rights, Boolean useRights, FileShare share, Int32 bufferSize, FileOptions options, SECURITY_ATTRIBUTES secAttrs, String msgPath, Boolean bFromProxy, Boolean useLongPath, Boolean checkHost)
   at System.IO.FileStream..ctor(String path, FileMode mode, FileAccess access, FileShare share)
   at System.IO.Compression.ZipFile.Open(String archiveFileName, ZipArchiveMode mode, Encoding entryNameEncoding)
   at System.IO.Compression.ZipFile.ExtractToDirectory(String sourceArchiveFileName, String destinationDirectoryName, Encoding entryNameEncoding)
   at System.IO.Compression.ZipFile.ExtractToDirectory(String sourceArchiveFileName, String destinationDirectoryName)
   at Updater.func.zip(String zipPath, String unzippath) in o:\MY GIT\relax.net\updater\func.vb:line 86
----------------------------------------------------------2017-02-04 11:43:38 AM
System.IO.DirectoryNotFoundException: Could not find directory 'o:\MY GIT\relax.net\updater\bin\Debug\tmpupdate'.
   at Microsoft.VisualBasic.FileIO.FileSystem.CopyOrMoveDirectory(CopyOrMove operation, String sourceDirectoryName, String destinationDirectoryName, Boolean overwrite, UIOptionInternal showUI, UICancelOption onUserCancel)
   at Microsoft.VisualBasic.MyServices.FileSystemProxy.CopyDirectory(String sourceDirectoryName, String destinationDirectoryName, Boolean overwrite)
   at Updater.func.copyto() in o:\MY GIT\relax.net\updater\func.vb:line 30
----------------------------------------------------------2017-02-04 11:43:39 AM
System.IO.DirectoryNotFoundException: Could not find a part of the path 'o:\MY GIT\relax.net\updater\bin\Debug\tmpupdate\updater.exe'.
   at Microsoft.VisualBasic.FileSystem.FileCopy(String Source, String Destination)
   at Updater.func.copyto() in o:\MY GIT\relax.net\updater\func.vb:line 37
----------------------------------------------------------2017-02-04 11:43:42 AM
System.ComponentModel.Win32Exception (0x80004005): The system cannot find the file specified
   at System.Diagnostics.Process.StartWithShellExecuteEx(ProcessStartInfo startInfo)
   at System.Diagnostics.Process.Start()
   at System.Diagnostics.Process.Start(ProcessStartInfo startInfo)
   at System.Diagnostics.Process.Start(String fileName, String arguments)
   at Updater.frmmain.Form1_Shown(Object sender, EventArgs e) in o:\MY GIT\relax.net\updater\frmmain.vb:line 19
----------------------------------------------------------2017-02-04 11:43:44 AM
System.IO.FileNotFoundException: Could not find file 'o:\MY GIT\relax.net\updater\bin\Debug\source.zip'.
File name: 'o:\MY GIT\relax.net\updater\bin\Debug\source.zip'
   at System.IO.__Error.WinIOError(Int32 errorCode, String maybeFullPath)
   at System.IO.FileStream.Init(String path, FileMode mode, FileAccess access, Int32 rights, Boolean useRights, FileShare share, Int32 bufferSize, FileOptions options, SECURITY_ATTRIBUTES secAttrs, String msgPath, Boolean bFromProxy, Boolean useLongPath, Boolean checkHost)
   at System.IO.FileStream..ctor(String path, FileMode mode, FileAccess access, FileShare share)
   at System.IO.Compression.ZipFile.Open(String archiveFileName, ZipArchiveMode mode, Encoding entryNameEncoding)
   at System.IO.Compression.ZipFile.ExtractToDirectory(String sourceArchiveFileName, String destinationDirectoryName, Encoding entryNameEncoding)
   at System.IO.Compression.ZipFile.ExtractToDirectory(String sourceArchiveFileName, String destinationDirectoryName)
   at Updater.func.zip(String zipPath, String unzippath) in o:\MY GIT\relax.net\updater\func.vb:line 86
----------------------------------------------------------2017-02-04 11:44:40 AM
System.IO.DirectoryNotFoundException: Could not find directory 'o:\MY GIT\relax.net\updater\bin\Debug\tmpupdate'.
   at Microsoft.VisualBasic.FileIO.FileSystem.CopyOrMoveDirectory(CopyOrMove operation, String sourceDirectoryName, String destinationDirectoryName, Boolean overwrite, UIOptionInternal showUI, UICancelOption onUserCancel)
   at Microsoft.VisualBasic.MyServices.FileSystemProxy.CopyDirectory(String sourceDirectoryName, String destinationDirectoryName, Boolean overwrite)
   at Updater.func.copyto() in o:\MY GIT\relax.net\updater\func.vb:line 30
----------------------------------------------------------2017-02-04 11:44:41 AM
System.IO.DirectoryNotFoundException: Could not find a part of the path 'o:\MY GIT\relax.net\updater\bin\Debug\tmpupdate\updater.exe'.
   at Microsoft.VisualBasic.FileSystem.FileCopy(String Source, String Destination)
   at Updater.func.copyto() in o:\MY GIT\relax.net\updater\func.vb:line 37
----------------------------------------------------------2017-02-04 11:44:44 AM
System.ComponentModel.Win32Exception (0x80004005): The system cannot find the file specified
   at System.Diagnostics.Process.StartWithShellExecuteEx(ProcessStartInfo startInfo)
   at System.Diagnostics.Process.Start()
   at System.Diagnostics.Process.Start(ProcessStartInfo startInfo)
   at System.Diagnostics.Process.Start(String fileName, String arguments)
   at Updater.frmmain.Form1_Shown(Object sender, EventArgs e) in o:\MY GIT\relax.net\updater\frmmain.vb:line 19
----------------------------------------------------------2017-02-04 11:44:46 AM
System.IO.FileNotFoundException: Could not find file 'o:\MY GIT\relax.net\updater\bin\Debug\source.zip'.
File name: 'o:\MY GIT\relax.net\updater\bin\Debug\source.zip'
   at System.IO.__Error.WinIOError(Int32 errorCode, String maybeFullPath)
   at System.IO.FileStream.Init(String path, FileMode mode, FileAccess access, Int32 rights, Boolean useRights, FileShare share, Int32 bufferSize, FileOptions options, SECURITY_ATTRIBUTES secAttrs, String msgPath, Boolean bFromProxy, Boolean useLongPath, Boolean checkHost)
   at System.IO.FileStream..ctor(String path, FileMode mode, FileAccess access, FileShare share)
   at System.IO.Compression.ZipFile.Open(String archiveFileName, ZipArchiveMode mode, Encoding entryNameEncoding)
   at System.IO.Compression.ZipFile.ExtractToDirectory(String sourceArchiveFileName, String destinationDirectoryName, Encoding entryNameEncoding)
   at System.IO.Compression.ZipFile.ExtractToDirectory(String sourceArchiveFileName, String destinationDirectoryName)
   at Updater.func.zip(String zipPath, String unzippath) in o:\MY GIT\relax.net\updater\func.vb:line 86
----------------------------------------------------------2017-02-04 11:47:43 AM
System.IO.DirectoryNotFoundException: Could not find directory 'o:\MY GIT\relax.net\updater\bin\Debug\tmpupdate'.
   at Microsoft.VisualBasic.FileIO.FileSystem.CopyOrMoveDirectory(CopyOrMove operation, String sourceDirectoryName, String destinationDirectoryName, Boolean overwrite, UIOptionInternal showUI, UICancelOption onUserCancel)
   at Microsoft.VisualBasic.MyServices.FileSystemProxy.CopyDirectory(String sourceDirectoryName, String destinationDirectoryName, Boolean overwrite)
   at Updater.func.copyto() in o:\MY GIT\relax.net\updater\func.vb:line 30
----------------------------------------------------------2017-02-04 11:47:44 AM
System.IO.DirectoryNotFoundException: Could not find a part of the path 'o:\MY GIT\relax.net\updater\bin\Debug\tmpupdate\updater.exe'.
   at Microsoft.VisualBasic.FileSystem.FileCopy(String Source, String Destination)
   at Updater.func.copyto() in o:\MY GIT\relax.net\updater\func.vb:line 37
----------------------------------------------------------2017-02-04 11:47:47 AM
System.ComponentModel.Win32Exception (0x80004005): The system cannot find the file specified
   at System.Diagnostics.Process.StartWithShellExecuteEx(ProcessStartInfo startInfo)
   at System.Diagnostics.Process.Start()
   at System.Diagnostics.Process.Start(ProcessStartInfo startInfo)
   at System.Diagnostics.Process.Start(String fileName, String arguments)
   at Updater.frmmain.Form1_Shown(Object sender, EventArgs e) in o:\MY GIT\relax.net\updater\frmmain.vb:line 19
----------------------------------------------------------2017-02-04 11:47:49 AM
System.IO.FileNotFoundException: Could not find file 'o:\MY GIT\relax.net\updater\bin\Debug\source.zip'.
File name: 'o:\MY GIT\relax.net\updater\bin\Debug\source.zip'
   at System.IO.__Error.WinIOError(Int32 errorCode, String maybeFullPath)
   at System.IO.FileStream.Init(String path, FileMode mode, FileAccess access, Int32 rights, Boolean useRights, FileShare share, Int32 bufferSize, FileOptions options, SECURITY_ATTRIBUTES secAttrs, String msgPath, Boolean bFromProxy, Boolean useLongPath, Boolean checkHost)
   at System.IO.FileStream..ctor(String path, FileMode mode, FileAccess access, FileShare share)
   at System.IO.Compression.ZipFile.Open(String archiveFileName, ZipArchiveMode mode, Encoding entryNameEncoding)
   at System.IO.Compression.ZipFile.ExtractToDirectory(String sourceArchiveFileName, String destinationDirectoryName, Encoding entryNameEncoding)
   at System.IO.Compression.ZipFile.ExtractToDirectory(String sourceArchiveFileName, String destinationDirectoryName)
   at Updater.func.zip(String zipPath, String unzippath) in o:\MY GIT\relax.net\updater\func.vb:line 86
----------------------------------------------------------2017-02-04 11:48:55 AM
System.IO.FileNotFoundException: Could not find file 'o:\MY GIT\relax.net\updater\bin\Debug\source.zip'.
File name: 'o:\MY GIT\relax.net\updater\bin\Debug\source.zip'
   at System.IO.__Error.WinIOError(Int32 errorCode, String maybeFullPath)
   at System.IO.FileStream.Init(String path, FileMode mode, FileAccess access, Int32 rights, Boolean useRights, FileShare share, Int32 bufferSize, FileOptions options, SECURITY_ATTRIBUTES secAttrs, String msgPath, Boolean bFromProxy, Boolean useLongPath, Boolean checkHost)
   at System.IO.FileStream..ctor(String path, FileMode mode, FileAccess access, FileShare share)
   at System.IO.Compression.ZipFile.Open(String archiveFileName, ZipArchiveMode mode, Encoding entryNameEncoding)
   at System.IO.Compression.ZipFile.ExtractToDirectory(String sourceArchiveFileName, String destinationDirectoryName, Encoding entryNameEncoding)
   at System.IO.Compression.ZipFile.ExtractToDirectory(String sourceArchiveFileName, String destinationDirectoryName)
   at Updater.func.zip(String zipPath, String unzippath) in o:\MY GIT\relax.net\updater\func.vb:line 86
----------------------------------------------------------2017-02-04 11:49:46 AM
System.IO.DirectoryNotFoundException: Could not find directory 'o:\MY GIT\relax.net\updater\bin\Debug\tmpupdate'.
   at Microsoft.VisualBasic.FileIO.FileSystem.CopyOrMoveDirectory(CopyOrMove operation, String sourceDirectoryName, String destinationDirectoryName, Boolean overwrite, UIOptionInternal showUI, UICancelOption onUserCancel)
   at Microsoft.VisualBasic.MyServices.FileSystemProxy.CopyDirectory(String sourceDirectoryName, String destinationDirectoryName, Boolean overwrite)
   at Updater.func.copyto() in o:\MY GIT\relax.net\updater\func.vb:line 30
----------------------------------------------------------2017-02-04 11:49:47 AM
System.IO.FileNotFoundException: Could not find file 'o:\MY GIT\relax.net\updater\bin\Debug\source.zip'.
File name: 'o:\MY GIT\relax.net\updater\bin\Debug\source.zip'
   at System.IO.__Error.WinIOError(Int32 errorCode, String maybeFullPath)
   at System.IO.FileStream.Init(String path, FileMode mode, FileAccess access, Int32 rights, Boolean useRights, FileShare share, Int32 bufferSize, FileOptions options, SECURITY_ATTRIBUTES secAttrs, String msgPath, Boolean bFromProxy, Boolean useLongPath, Boolean checkHost)
   at System.IO.FileStream..ctor(String path, FileMode mode, FileAccess access, FileShare share)
   at System.IO.Compression.ZipFile.Open(String archiveFileName, ZipArchiveMode mode, Encoding entryNameEncoding)
   at System.IO.Compression.ZipFile.ExtractToDirectory(String sourceArchiveFileName, String destinationDirectoryName, Encoding entryNameEncoding)
   at System.IO.Compression.ZipFile.ExtractToDirectory(String sourceArchiveFileName, String destinationDirectoryName)
   at Updater.func.zip(String zipPath, String unzippath) in o:\MY GIT\relax.net\updater\func.vb:line 87
----------------------------------------------------------2017-02-04 11:50:31 AM
System.IO.FileNotFoundException: Could not find file 'o:\MY GIT\relax.net\updater\bin\Debug\source.zip'.
File name: 'o:\MY GIT\relax.net\updater\bin\Debug\source.zip'
   at System.IO.__Error.WinIOError(Int32 errorCode, String maybeFullPath)
   at System.IO.FileStream.Init(String path, FileMode mode, FileAccess access, Int32 rights, Boolean useRights, FileShare share, Int32 bufferSize, FileOptions options, SECURITY_ATTRIBUTES secAttrs, String msgPath, Boolean bFromProxy, Boolean useLongPath, Boolean checkHost)
   at System.IO.FileStream..ctor(String path, FileMode mode, FileAccess access, FileShare share)
   at System.IO.Compression.ZipFile.Open(String archiveFileName, ZipArchiveMode mode, Encoding entryNameEncoding)
   at System.IO.Compression.ZipFile.ExtractToDirectory(String sourceArchiveFileName, String destinationDirectoryName, Encoding entryNameEncoding)
   at System.IO.Compression.ZipFile.ExtractToDirectory(String sourceArchiveFileName, String destinationDirectoryName)
   at Updater.func.zip(String zipPath, String unzippath) in o:\MY GIT\relax.net\updater\func.vb:line 87
----------------------------------------------------------2017-02-04 11:55:24 AM
System.IO.DirectoryNotFoundException: Could not find directory 'o:\MY GIT\relax.net\updater\bin\Debug\tmpupdate'.
   at Microsoft.VisualBasic.FileIO.FileSystem.CopyOrMoveDirectory(CopyOrMove operation, String sourceDirectoryName, String destinationDirectoryName, Boolean overwrite, UIOptionInternal showUI, UICancelOption onUserCancel)
   at Microsoft.VisualBasic.MyServices.FileSystemProxy.CopyDirectory(String sourceDirectoryName, String destinationDirectoryName, Boolean overwrite)
   at Updater.func.copyto() in o:\MY GIT\relax.net\updater\func.vb:line 31
----------------------------------------------------------2017-02-04 11:55:25 AM
System.IO.FileNotFoundException: Could not find file 'o:\MY GIT\relax.net\updater\bin\Debug\source.zip'.
File name: 'o:\MY GIT\relax.net\updater\bin\Debug\source.zip'
   at System.IO.__Error.WinIOError(Int32 errorCode, String maybeFullPath)
   at System.IO.FileStream.Init(String path, FileMode mode, FileAccess access, Int32 rights, Boolean useRights, FileShare share, Int32 bufferSize, FileOptions options, SECURITY_ATTRIBUTES secAttrs, String msgPath, Boolean bFromProxy, Boolean useLongPath, Boolean checkHost)
   at System.IO.FileStream..ctor(String path, FileMode mode, FileAccess access, FileShare share)
   at System.IO.Compression.ZipFile.Open(String archiveFileName, ZipArchiveMode mode, Encoding entryNameEncoding)
   at System.IO.Compression.ZipFile.ExtractToDirectory(String sourceArchiveFileName, String destinationDirectoryName, Encoding entryNameEncoding)
   at System.IO.Compression.ZipFile.ExtractToDirectory(String sourceArchiveFileName, String destinationDirectoryName)
   at Updater.func.zip(String zipPath, String unzippath) in o:\MY GIT\relax.net\updater\func.vb:line 87
----------------------------------------------------------2017-02-04 11:55:47 AM
System.IO.DirectoryNotFoundException: Could not find directory 'o:\MY GIT\relax.net\updater\bin\Debug\tmpupdate'.
   at Microsoft.VisualBasic.FileIO.FileSystem.CopyOrMoveDirectory(CopyOrMove operation, String sourceDirectoryName, String destinationDirectoryName, Boolean overwrite, UIOptionInternal showUI, UICancelOption onUserCancel)
   at Microsoft.VisualBasic.MyServices.FileSystemProxy.CopyDirectory(String sourceDirectoryName, String destinationDirectoryName, Boolean overwrite)
   at Updater.func.copyto() in o:\MY GIT\relax.net\updater\func.vb:line 31
----------------------------------------------------------2017-02-04 11:55:48 AM
System.IO.FileNotFoundException: Could not find file 'o:\MY GIT\relax.net\updater\bin\Debug\source.zip'.
File name: 'o:\MY GIT\relax.net\updater\bin\Debug\source.zip'
   at System.IO.__Error.WinIOError(Int32 errorCode, String maybeFullPath)
   at System.IO.FileStream.Init(String path, FileMode mode, FileAccess access, Int32 rights, Boolean useRights, FileShare share, Int32 bufferSize, FileOptions options, SECURITY_ATTRIBUTES secAttrs, String msgPath, Boolean bFromProxy, Boolean useLongPath, Boolean checkHost)
   at System.IO.FileStream..ctor(String path, FileMode mode, FileAccess access, FileShare share)
   at System.IO.Compression.ZipFile.Open(String archiveFileName, ZipArchiveMode mode, Encoding entryNameEncoding)
   at System.IO.Compression.ZipFile.ExtractToDirectory(String sourceArchiveFileName, String destinationDirectoryName, Encoding entryNameEncoding)
   at System.IO.Compression.ZipFile.ExtractToDirectory(String sourceArchiveFileName, String destinationDirectoryName)
   at Updater.func.zip(String zipPath, String unzippath) in o:\MY GIT\relax.net\updater\func.vb:line 87
----------------------------------------------------------2017-02-04 11:56:06 AM
System.IO.DirectoryNotFoundException: Could not find directory 'o:\MY GIT\relax.net\updater\bin\Debug\tmpupdate'.
   at Microsoft.VisualBasic.FileIO.FileSystem.CopyOrMoveDirectory(CopyOrMove operation, String sourceDirectoryName, String destinationDirectoryName, Boolean overwrite, UIOptionInternal showUI, UICancelOption onUserCancel)
   at Microsoft.VisualBasic.MyServices.FileSystemProxy.CopyDirectory(String sourceDirectoryName, String destinationDirectoryName, Boolean overwrite)
   at Updater.func.copyto() in o:\MY GIT\relax.net\updater\func.vb:line 31
----------------------------------------------------------2017-02-04 11:56:07 AM
System.IO.DirectoryNotFoundException: Could not find a part of the path 'o:\MY GIT\relax.net\updater\bin\Debug\tmpupdate\updater.exe'.
   at Microsoft.VisualBasic.FileSystem.FileCopy(String Source, String Destination)
   at Updater.func.copyto() in o:\MY GIT\relax.net\updater\func.vb:line 38
----------------------------------------------------------2017-02-04 11:56:10 AM
System.ComponentModel.Win32Exception (0x80004005): The system cannot find the file specified
   at System.Diagnostics.Process.StartWithShellExecuteEx(ProcessStartInfo startInfo)
   at System.Diagnostics.Process.Start()
   at System.Diagnostics.Process.Start(ProcessStartInfo startInfo)
   at System.Diagnostics.Process.Start(String fileName, String arguments)
   at Updater.frmmain.Form1_Shown(Object sender, EventArgs e) in o:\MY GIT\relax.net\updater\frmmain.vb:line 22
----------------------------------------------------------2017-02-04 11:56:11 AM
System.IO.FileNotFoundException: Could not find file 'o:\MY GIT\relax.net\updater\bin\Debug\source.zip'.
File name: 'o:\MY GIT\relax.net\updater\bin\Debug\source.zip'
   at System.IO.__Error.WinIOError(Int32 errorCode, String maybeFullPath)
   at System.IO.FileStream.Init(String path, FileMode mode, FileAccess access, Int32 rights, Boolean useRights, FileShare share, Int32 bufferSize, FileOptions options, SECURITY_ATTRIBUTES secAttrs, String msgPath, Boolean bFromProxy, Boolean useLongPath, Boolean checkHost)
   at System.IO.FileStream..ctor(String path, FileMode mode, FileAccess access, FileShare share)
   at System.IO.Compression.ZipFile.Open(String archiveFileName, ZipArchiveMode mode, Encoding entryNameEncoding)
   at System.IO.Compression.ZipFile.ExtractToDirectory(String sourceArchiveFileName, String destinationDirectoryName, Encoding entryNameEncoding)
   at System.IO.Compression.ZipFile.ExtractToDirectory(String sourceArchiveFileName, String destinationDirectoryName)
   at Updater.func.zip(String zipPath, String unzippath) in o:\MY GIT\relax.net\updater\func.vb:line 87
----------------------------------------------------------2017-02-04 11:56:29 AM
System.IO.DirectoryNotFoundException: Could not find directory 'o:\MY GIT\relax.net\updater\bin\Debug\tmpupdate'.
   at Microsoft.VisualBasic.FileIO.FileSystem.CopyOrMoveDirectory(CopyOrMove operation, String sourceDirectoryName, String destinationDirectoryName, Boolean overwrite, UIOptionInternal showUI, UICancelOption onUserCancel)
   at Microsoft.VisualBasic.MyServices.FileSystemProxy.CopyDirectory(String sourceDirectoryName, String destinationDirectoryName, Boolean overwrite)
   at Updater.func.copyto() in o:\MY GIT\relax.net\updater\func.vb:line 31
----------------------------------------------------------2017-02-04 11:56:30 AM
System.IO.DirectoryNotFoundException: Could not find a part of the path 'o:\MY GIT\relax.net\updater\bin\Debug\tmpupdate\updater.exe'.
   at Microsoft.VisualBasic.FileSystem.FileCopy(String Source, String Destination)
   at Updater.func.copyto() in o:\MY GIT\relax.net\updater\func.vb:line 38
----------------------------------------------------------2017-02-04 11:56:33 AM
System.ComponentModel.Win32Exception (0x80004005): The system cannot find the file specified
   at System.Diagnostics.Process.StartWithShellExecuteEx(ProcessStartInfo startInfo)
   at System.Diagnostics.Process.Start()
   at System.Diagnostics.Process.Start(ProcessStartInfo startInfo)
   at System.Diagnostics.Process.Start(String fileName, String arguments)
   at Updater.frmmain.Form1_Shown(Object sender, EventArgs e) in o:\MY GIT\relax.net\updater\frmmain.vb:line 22
----------------------------------------------------------2017-02-04 11:56:35 AM
System.IO.FileNotFoundException: Could not find file 'o:\MY GIT\relax.net\updater\bin\Debug\source.zip'.
File name: 'o:\MY GIT\relax.net\updater\bin\Debug\source.zip'
   at System.IO.__Error.WinIOError(Int32 errorCode, String maybeFullPath)
   at System.IO.FileStream.Init(String path, FileMode mode, FileAccess access, Int32 rights, Boolean useRights, FileShare share, Int32 bufferSize, FileOptions options, SECURITY_ATTRIBUTES secAttrs, String msgPath, Boolean bFromProxy, Boolean useLongPath, Boolean checkHost)
   at System.IO.FileStream..ctor(String path, FileMode mode, FileAccess access, FileShare share)
   at System.IO.Compression.ZipFile.Open(String archiveFileName, ZipArchiveMode mode, Encoding entryNameEncoding)
   at System.IO.Compression.ZipFile.ExtractToDirectory(String sourceArchiveFileName, String destinationDirectoryName, Encoding entryNameEncoding)
   at System.IO.Compression.ZipFile.ExtractToDirectory(String sourceArchiveFileName, String destinationDirectoryName)
   at Updater.func.zip(String zipPath, String unzippath) in o:\MY GIT\relax.net\updater\func.vb:line 87
----------------------------------------------------------2017-02-04 11:56:59 AM
System.IO.DirectoryNotFoundException: Could not find directory 'o:\MY GIT\relax.net\updater\bin\Debug\tmpupdate'.
   at Microsoft.VisualBasic.FileIO.FileSystem.CopyOrMoveDirectory(CopyOrMove operation, String sourceDirectoryName, String destinationDirectoryName, Boolean overwrite, UIOptionInternal showUI, UICancelOption onUserCancel)
   at Microsoft.VisualBasic.MyServices.FileSystemProxy.CopyDirectory(String sourceDirectoryName, String destinationDirectoryName, Boolean overwrite)
   at Updater.func.copyto() in o:\MY GIT\relax.net\updater\func.vb:line 31
----------------------------------------------------------2017-02-04 11:57:00 AM
System.IO.DirectoryNotFoundException: Could not find a part of the path 'o:\MY GIT\relax.net\updater\bin\Debug\tmpupdate\updater.exe'.
   at Microsoft.VisualBasic.FileSystem.FileCopy(String Source, String Destination)
   at Updater.func.copyto() in o:\MY GIT\relax.net\updater\func.vb:line 38
----------------------------------------------------------2017-02-04 11:57:03 AM
System.ComponentModel.Win32Exception (0x80004005): The system cannot find the file specified
   at System.Diagnostics.Process.StartWithShellExecuteEx(ProcessStartInfo startInfo)
   at System.Diagnostics.Process.Start()
   at System.Diagnostics.Process.Start(ProcessStartInfo startInfo)
   at System.Diagnostics.Process.Start(String fileName, String arguments)
   at Updater.frmmain.Form1_Shown(Object sender, EventArgs e) in o:\MY GIT\relax.net\updater\frmmain.vb:line 22
----------------------------------------------------------2017-02-04 11:57:05 AM
System.IO.FileNotFoundException: Could not find file 'o:\MY GIT\relax.net\updater\bin\Debug\source.zip'.
File name: 'o:\MY GIT\relax.net\updater\bin\Debug\source.zip'
   at System.IO.__Error.WinIOError(Int32 errorCode, String maybeFullPath)
   at System.IO.FileStream.Init(String path, FileMode mode, FileAccess access, Int32 rights, Boolean useRights, FileShare share, Int32 bufferSize, FileOptions options, SECURITY_ATTRIBUTES secAttrs, String msgPath, Boolean bFromProxy, Boolean useLongPath, Boolean checkHost)
   at System.IO.FileStream..ctor(String path, FileMode mode, FileAccess access, FileShare share)
   at System.IO.Compression.ZipFile.Open(String archiveFileName, ZipArchiveMode mode, Encoding entryNameEncoding)
   at System.IO.Compression.ZipFile.ExtractToDirectory(String sourceArchiveFileName, String destinationDirectoryName, Encoding entryNameEncoding)
   at System.IO.Compression.ZipFile.ExtractToDirectory(String sourceArchiveFileName, String destinationDirectoryName)
   at Updater.func.zip(String zipPath, String unzippath) in o:\MY GIT\relax.net\updater\func.vb:line 87
----------------------------------------------------------2017-02-04 11:57:44 AM
System.IO.DirectoryNotFoundException: Could not find directory 'o:\MY GIT\relax.net\updater\bin\Debug\tmpupdate'.
   at Microsoft.VisualBasic.FileIO.FileSystem.CopyOrMoveDirectory(CopyOrMove operation, String sourceDirectoryName, String destinationDirectoryName, Boolean overwrite, UIOptionInternal showUI, UICancelOption onUserCancel)
   at Microsoft.VisualBasic.MyServices.FileSystemProxy.CopyDirectory(String sourceDirectoryName, String destinationDirectoryName, Boolean overwrite)
   at Updater.func.copyto() in o:\MY GIT\relax.net\updater\func.vb:line 31
----------------------------------------------------------2017-02-04 11:57:45 AM
System.IO.DirectoryNotFoundException: Could not find a part of the path 'o:\MY GIT\relax.net\updater\bin\Debug\tmpupdate\updater.exe'.
   at Microsoft.VisualBasic.FileSystem.FileCopy(String Source, String Destination)
   at Updater.func.copyto() in o:\MY GIT\relax.net\updater\func.vb:line 38
----------------------------------------------------------2017-02-04 11:57:48 AM
System.ComponentModel.Win32Exception (0x80004005): The system cannot find the file specified
   at System.Diagnostics.Process.StartWithShellExecuteEx(ProcessStartInfo startInfo)
   at System.Diagnostics.Process.Start()
   at System.Diagnostics.Process.Start(ProcessStartInfo startInfo)
   at System.Diagnostics.Process.Start(String fileName, String arguments)
   at Updater.frmmain.Form1_Shown(Object sender, EventArgs e) in o:\MY GIT\relax.net\updater\frmmain.vb:line 23
----------------------------------------------------------2017-02-04 11:57:49 AM
System.IO.FileNotFoundException: Could not find file 'o:\MY GIT\relax.net\updater\bin\Debug\source.zip'.
File name: 'o:\MY GIT\relax.net\updater\bin\Debug\source.zip'
   at System.IO.__Error.WinIOError(Int32 errorCode, String maybeFullPath)
   at System.IO.FileStream.Init(String path, FileMode mode, FileAccess access, Int32 rights, Boolean useRights, FileShare share, Int32 bufferSize, FileOptions options, SECURITY_ATTRIBUTES secAttrs, String msgPath, Boolean bFromProxy, Boolean useLongPath, Boolean checkHost)
   at System.IO.FileStream..ctor(String path, FileMode mode, FileAccess access, FileShare share)
   at System.IO.Compression.ZipFile.Open(String archiveFileName, ZipArchiveMode mode, Encoding entryNameEncoding)
   at System.IO.Compression.ZipFile.ExtractToDirectory(String sourceArchiveFileName, String destinationDirectoryName, Encoding entryNameEncoding)
   at System.IO.Compression.ZipFile.ExtractToDirectory(String sourceArchiveFileName, String destinationDirectoryName)
   at Updater.func.zip(String zipPath, String unzippath) in o:\MY GIT\relax.net\updater\func.vb:line 87
----------------------------------------------------------2017-02-04 11:58:34 AM
System.IO.DirectoryNotFoundException: Could not find directory 'o:\MY GIT\relax.net\updater\bin\Debug\tmpupdate'.
   at Microsoft.VisualBasic.FileIO.FileSystem.CopyOrMoveDirectory(CopyOrMove operation, String sourceDirectoryName, String destinationDirectoryName, Boolean overwrite, UIOptionInternal showUI, UICancelOption onUserCancel)
   at Microsoft.VisualBasic.MyServices.FileSystemProxy.CopyDirectory(String sourceDirectoryName, String destinationDirectoryName, Boolean overwrite)
   at Updater.func.copyto() in o:\MY GIT\relax.net\updater\func.vb:line 31
----------------------------------------------------------2017-02-04 11:58:35 AM
System.IO.DirectoryNotFoundException: Could not find a part of the path 'o:\MY GIT\relax.net\updater\bin\Debug\tmpupdate\updater.exe'.
   at Microsoft.VisualBasic.FileSystem.FileCopy(String Source, String Destination)
   at Updater.func.copyto() in o:\MY GIT\relax.net\updater\func.vb:line 38
----------------------------------------------------------2017-02-04 11:58:38 AM
System.ComponentModel.Win32Exception (0x80004005): The system cannot find the file specified
   at System.Diagnostics.Process.StartWithShellExecuteEx(ProcessStartInfo startInfo)
   at System.Diagnostics.Process.Start()
   at System.Diagnostics.Process.Start(ProcessStartInfo startInfo)
   at System.Diagnostics.Process.Start(String fileName, String arguments)
   at Updater.frmmain.Form1_Shown(Object sender, EventArgs e) in o:\MY GIT\relax.net\updater\frmmain.vb:line 25
----------------------------------------------------------2017-02-04 11:58:40 AM
System.IO.FileNotFoundException: Could not find file 'o:\MY GIT\relax.net\updater\bin\Debug\source.zip'.
File name: 'o:\MY GIT\relax.net\updater\bin\Debug\source.zip'
   at System.IO.__Error.WinIOError(Int32 errorCode, String maybeFullPath)
   at System.IO.FileStream.Init(String path, FileMode mode, FileAccess access, Int32 rights, Boolean useRights, FileShare share, Int32 bufferSize, FileOptions options, SECURITY_ATTRIBUTES secAttrs, String msgPath, Boolean bFromProxy, Boolean useLongPath, Boolean checkHost)
   at System.IO.FileStream..ctor(String path, FileMode mode, FileAccess access, FileShare share)
   at System.IO.Compression.ZipFile.Open(String archiveFileName, ZipArchiveMode mode, Encoding entryNameEncoding)
   at System.IO.Compression.ZipFile.ExtractToDirectory(String sourceArchiveFileName, String destinationDirectoryName, Encoding entryNameEncoding)
   at System.IO.Compression.ZipFile.ExtractToDirectory(String sourceArchiveFileName, String destinationDirectoryName)
   at Updater.func.zip(String zipPath, String unzippath) in o:\MY GIT\relax.net\updater\func.vb:line 87
----------------------------------------------------------2017-02-04 11:58:53 AM
System.IO.DirectoryNotFoundException: Could not find directory 'o:\MY GIT\relax.net\updater\bin\Debug\tmpupdate'.
   at Microsoft.VisualBasic.FileIO.FileSystem.CopyOrMoveDirectory(CopyOrMove operation, String sourceDirectoryName, String destinationDirectoryName, Boolean overwrite, UIOptionInternal showUI, UICancelOption onUserCancel)
   at Microsoft.VisualBasic.MyServices.FileSystemProxy.CopyDirectory(String sourceDirectoryName, String destinationDirectoryName, Boolean overwrite)
   at Updater.func.copyto() in o:\MY GIT\relax.net\updater\func.vb:line 31
----------------------------------------------------------2017-02-04 11:58:54 AM
System.IO.DirectoryNotFoundException: Could not find a part of the path 'o:\MY GIT\relax.net\updater\bin\Debug\tmpupdate\updater.exe'.
   at Microsoft.VisualBasic.FileSystem.FileCopy(String Source, String Destination)
   at Updater.func.copyto() in o:\MY GIT\relax.net\updater\func.vb:line 38
----------------------------------------------------------2017-02-04 11:58:57 AM
System.ComponentModel.Win32Exception (0x80004005): The system cannot find the file specified
   at System.Diagnostics.Process.StartWithShellExecuteEx(ProcessStartInfo startInfo)
   at System.Diagnostics.Process.Start()
   at System.Diagnostics.Process.Start(ProcessStartInfo startInfo)
   at System.Diagnostics.Process.Start(String fileName, String arguments)
   at Updater.frmmain.Form1_Shown(Object sender, EventArgs e) in o:\MY GIT\relax.net\updater\frmmain.vb:line 25
----------------------------------------------------------2017-02-04 11:58:59 AM
System.IO.FileNotFoundException: Could not find file 'o:\MY GIT\relax.net\updater\bin\Debug\source.zip'.
File name: 'o:\MY GIT\relax.net\updater\bin\Debug\source.zip'
   at System.IO.__Error.WinIOError(Int32 errorCode, String maybeFullPath)
   at System.IO.FileStream.Init(String path, FileMode mode, FileAccess access, Int32 rights, Boolean useRights, FileShare share, Int32 bufferSize, FileOptions options, SECURITY_ATTRIBUTES secAttrs, String msgPath, Boolean bFromProxy, Boolean useLongPath, Boolean checkHost)
   at System.IO.FileStream..ctor(String path, FileMode mode, FileAccess access, FileShare share)
   at System.IO.Compression.ZipFile.Open(String archiveFileName, ZipArchiveMode mode, Encoding entryNameEncoding)
   at System.IO.Compression.ZipFile.ExtractToDirectory(String sourceArchiveFileName, String destinationDirectoryName, Encoding entryNameEncoding)
   at System.IO.Compression.ZipFile.ExtractToDirectory(String sourceArchiveFileName, String destinationDirectoryName)
   at Updater.func.zip(String zipPath, String unzippath) in o:\MY GIT\relax.net\updater\func.vb:line 92
----------------------------------------------------------2017-02-04 11:59:49 AM
System.IO.DirectoryNotFoundException: Could not find directory 'o:\MY GIT\relax.net\updater\bin\Debug\tmpupdate'.
   at Microsoft.VisualBasic.FileIO.FileSystem.CopyOrMoveDirectory(CopyOrMove operation, String sourceDirectoryName, String destinationDirectoryName, Boolean overwrite, UIOptionInternal showUI, UICancelOption onUserCancel)
   at Microsoft.VisualBasic.MyServices.FileSystemProxy.CopyDirectory(String sourceDirectoryName, String destinationDirectoryName, Boolean overwrite)
   at Updater.func.copyto() in o:\MY GIT\relax.net\updater\func.vb:line 34
----------------------------------------------------------2017-02-04 11:59:50 AM
System.IO.DirectoryNotFoundException: Could not find a part of the path 'o:\MY GIT\relax.net\updater\bin\Debug\tmpupdate\updater.exe'.
   at Microsoft.VisualBasic.FileSystem.FileCopy(String Source, String Destination)
   at Updater.func.copyto() in o:\MY GIT\relax.net\updater\func.vb:line 41
----------------------------------------------------------2017-02-04 11:59:53 AM
System.IO.FileNotFoundException: Could not find file 'o:\MY GIT\relax.net\updater\bin\Debug\source.zip'.
File name: 'o:\MY GIT\relax.net\updater\bin\Debug\source.zip'
   at System.IO.__Error.WinIOError(Int32 errorCode, String maybeFullPath)
   at System.IO.FileStream.Init(String path, FileMode mode, FileAccess access, Int32 rights, Boolean useRights, FileShare share, Int32 bufferSize, FileOptions options, SECURITY_ATTRIBUTES secAttrs, String msgPath, Boolean bFromProxy, Boolean useLongPath, Boolean checkHost)
   at System.IO.FileStream..ctor(String path, FileMode mode, FileAccess access, FileShare share)
   at System.IO.Compression.ZipFile.Open(String archiveFileName, ZipArchiveMode mode, Encoding entryNameEncoding)
   at System.IO.Compression.ZipFile.ExtractToDirectory(String sourceArchiveFileName, String destinationDirectoryName, Encoding entryNameEncoding)
   at System.IO.Compression.ZipFile.ExtractToDirectory(String sourceArchiveFileName, String destinationDirectoryName)
   at Updater.func.zip(String zipPath, String unzippath) in o:\MY GIT\relax.net\updater\func.vb:line 92
----------------------------------------------------------2017-02-04 12:00:19 PM
System.IO.DirectoryNotFoundException: Could not find directory 'o:\MY GIT\relax.net\updater\bin\Debug\tmpupdate'.
   at Microsoft.VisualBasic.FileIO.FileSystem.CopyOrMoveDirectory(CopyOrMove operation, String sourceDirectoryName, String destinationDirectoryName, Boolean overwrite, UIOptionInternal showUI, UICancelOption onUserCancel)
   at Microsoft.VisualBasic.MyServices.FileSystemProxy.CopyDirectory(String sourceDirectoryName, String destinationDirectoryName, Boolean overwrite)
   at Updater.func.copyto() in o:\MY GIT\relax.net\updater\func.vb:line 34
----------------------------------------------------------2017-02-04 12:00:20 PM
System.IO.DirectoryNotFoundException: Could not find a part of the path 'o:\MY GIT\relax.net\updater\bin\Debug\tmpupdate\updater.exe'.
   at Microsoft.VisualBasic.FileSystem.FileCopy(String Source, String Destination)
   at Updater.func.copyto() in o:\MY GIT\relax.net\updater\func.vb:line 41
----------------------------------------------------------2017-02-04 12:00:23 PM
System.ComponentModel.Win32Exception (0x80004005): The system cannot find the file specified
   at System.Diagnostics.Process.StartWithShellExecuteEx(ProcessStartInfo startInfo)
   at System.Diagnostics.Process.Start()
   at System.Diagnostics.Process.Start(ProcessStartInfo startInfo)
   at System.Diagnostics.Process.Start(String fileName, String arguments)
   at Updater.frmmain.Form1_Shown(Object sender, EventArgs e) in o:\MY GIT\relax.net\updater\frmmain.vb:line 25
----------------------------------------------------------2017-02-04 12:00:24 PM
System.IO.FileNotFoundException: Could not find file 'o:\MY GIT\relax.net\updater\bin\Debug\source.zip'.
File name: 'o:\MY GIT\relax.net\updater\bin\Debug\source.zip'
   at System.IO.__Error.WinIOError(Int32 errorCode, String maybeFullPath)
   at System.IO.FileStream.Init(String path, FileMode mode, FileAccess access, Int32 rights, Boolean useRights, FileShare share, Int32 bufferSize, FileOptions options, SECURITY_ATTRIBUTES secAttrs, String msgPath, Boolean bFromProxy, Boolean useLongPath, Boolean checkHost)
   at System.IO.FileStream..ctor(String path, FileMode mode, FileAccess access, FileShare share)
   at System.IO.Compression.ZipFile.Open(String archiveFileName, ZipArchiveMode mode, Encoding entryNameEncoding)
   at System.IO.Compression.ZipFile.ExtractToDirectory(String sourceArchiveFileName, String destinationDirectoryName, Encoding entryNameEncoding)
   at System.IO.Compression.ZipFile.ExtractToDirectory(String sourceArchiveFileName, String destinationDirectoryName)
   at Updater.func.zip(String zipPath, String unzippath) in o:\MY GIT\relax.net\updater\func.vb:line 92
----------------------------------------------------------2017-02-04 12:01:11 PM
System.IO.DirectoryNotFoundException: Could not find directory 'o:\MY GIT\relax.net\updater\bin\Debug\tmpupdate'.
   at Microsoft.VisualBasic.FileIO.FileSystem.CopyOrMoveDirectory(CopyOrMove operation, String sourceDirectoryName, String destinationDirectoryName, Boolean overwrite, UIOptionInternal showUI, UICancelOption onUserCancel)
   at Microsoft.VisualBasic.MyServices.FileSystemProxy.CopyDirectory(String sourceDirectoryName, String destinationDirectoryName, Boolean overwrite)
   at Updater.func.copyto() in o:\MY GIT\relax.net\updater\func.vb:line 34
----------------------------------------------------------2017-02-04 12:01:12 PM
System.IO.DirectoryNotFoundException: Could not find a part of the path 'o:\MY GIT\relax.net\updater\bin\Debug\tmpupdate\updater.exe'.
   at Microsoft.VisualBasic.FileSystem.FileCopy(String Source, String Destination)
   at Updater.func.copyto() in o:\MY GIT\relax.net\updater\func.vb:line 41
----------------------------------------------------------2017-02-04 12:01:15 PM
System.ComponentModel.Win32Exception (0x80004005): The system cannot find the file specified
   at System.Diagnostics.Process.StartWithShellExecuteEx(ProcessStartInfo startInfo)
   at System.Diagnostics.Process.Start()
   at System.Diagnostics.Process.Start(ProcessStartInfo startInfo)
   at System.Diagnostics.Process.Start(String fileName, String arguments)
   at Updater.frmmain.Form1_Shown(Object sender, EventArgs e) in o:\MY GIT\relax.net\updater\frmmain.vb:line 25
----------------------------------------------------------2017-02-04 12:01:17 PM
System.IO.FileNotFoundException: Could not find file 'o:\MY GIT\relax.net\updater\bin\Debug\source.zip'.
File name: 'o:\MY GIT\relax.net\updater\bin\Debug\source.zip'
   at System.IO.__Error.WinIOError(Int32 errorCode, String maybeFullPath)
   at System.IO.FileStream.Init(String path, FileMode mode, FileAccess access, Int32 rights, Boolean useRights, FileShare share, Int32 bufferSize, FileOptions options, SECURITY_ATTRIBUTES secAttrs, String msgPath, Boolean bFromProxy, Boolean useLongPath, Boolean checkHost)
   at System.IO.FileStream..ctor(String path, FileMode mode, FileAccess access, FileShare share)
   at System.IO.Compression.ZipFile.Open(String archiveFileName, ZipArchiveMode mode, Encoding entryNameEncoding)
   at System.IO.Compression.ZipFile.ExtractToDirectory(String sourceArchiveFileName, String destinationDirectoryName, Encoding entryNameEncoding)
   at System.IO.Compression.ZipFile.ExtractToDirectory(String sourceArchiveFileName, String destinationDirectoryName)
   at Updater.func.zip(String zipPath, String unzippath) in o:\MY GIT\relax.net\updater\func.vb:line 92
----------------------------------------------------------2017-02-04 12:06:31 PM
System.IO.DirectoryNotFoundException: Could not find directory 'o:\MY GIT\relax.net\updater\bin\Debug\tmpupdate'.
   at Microsoft.VisualBasic.FileIO.FileSystem.CopyOrMoveDirectory(CopyOrMove operation, String sourceDirectoryName, String destinationDirectoryName, Boolean overwrite, UIOptionInternal showUI, UICancelOption onUserCancel)
   at Microsoft.VisualBasic.MyServices.FileSystemProxy.CopyDirectory(String sourceDirectoryName, String destinationDirectoryName, Boolean overwrite)
   at Updater.func.copyto() in o:\MY GIT\relax.net\updater\func.vb:line 34
----------------------------------------------------------2017-02-04 12:06:32 PM
System.IO.DirectoryNotFoundException: Could not find a part of the path 'o:\MY GIT\relax.net\updater\bin\Debug\tmpupdate\updater.exe'.
   at Microsoft.VisualBasic.FileSystem.FileCopy(String Source, String Destination)
   at Updater.func.copyto() in o:\MY GIT\relax.net\updater\func.vb:line 41
----------------------------------------------------------2017-02-04 12:06:35 PM
System.ComponentModel.Win32Exception (0x80004005): The system cannot find the file specified
   at System.Diagnostics.Process.StartWithShellExecuteEx(ProcessStartInfo startInfo)
   at System.Diagnostics.Process.Start()
   at System.Diagnostics.Process.Start(ProcessStartInfo startInfo)
   at System.Diagnostics.Process.Start(String fileName, String arguments)
   at Updater.frmmain.Form1_Shown(Object sender, EventArgs e) in o:\MY GIT\relax.net\updater\frmmain.vb:line 25
----------------------------------------------------------2017-02-04 12:06:37 PM
System.IO.FileNotFoundException: Could not find file 'o:\MY GIT\relax.net\updater\bin\Debug\source.zip'.
File name: 'o:\MY GIT\relax.net\updater\bin\Debug\source.zip'
   at System.IO.__Error.WinIOError(Int32 errorCode, String maybeFullPath)
   at System.IO.FileStream.Init(String path, FileMode mode, FileAccess access, Int32 rights, Boolean useRights, FileShare share, Int32 bufferSize, FileOptions options, SECURITY_ATTRIBUTES secAttrs, String msgPath, Boolean bFromProxy, Boolean useLongPath, Boolean checkHost)
   at System.IO.FileStream..ctor(String path, FileMode mode, FileAccess access, FileShare share)
   at System.IO.Compression.ZipFile.Open(String archiveFileName, ZipArchiveMode mode, Encoding entryNameEncoding)
   at System.IO.Compression.ZipFile.ExtractToDirectory(String sourceArchiveFileName, String destinationDirectoryName, Encoding entryNameEncoding)
   at System.IO.Compression.ZipFile.ExtractToDirectory(String sourceArchiveFileName, String destinationDirectoryName)
   at Updater.func.zip(String zipPath, String unzippath) in o:\MY GIT\relax.net\updater\func.vb:line 92
----------------------------------------------------------2017-02-04 12:14:21 PM