
System.IO.FileNotFoundException: Could not find file 'C:\Users\Bagherzadeh\documents\visual studio 2015\Projects\WindowsApplication40\WindowsApplication40\bin\Debug\source.zip'.
File name: 'C:\Users\Bagherzadeh\documents\visual studio 2015\Projects\WindowsApplication40\WindowsApplication40\bin\Debug\source.zip'
   at System.IO.__Error.WinIOError(Int32 errorCode, String maybeFullPath)
   at System.IO.FileStream.Init(String path, FileMode mode, FileAccess access, Int32 rights, Boolean useRights, FileShare share, Int32 bufferSize, FileOptions options, SECURITY_ATTRIBUTES secAttrs, String msgPath, Boolean bFromProxy, Boolean useLongPath, Boolean checkHost)
   at System.IO.FileStream..ctor(String path, FileMode mode, FileAccess access, FileShare share)
   at System.IO.Compression.ZipFile.Open(String archiveFileName, ZipArchiveMode mode, Encoding entryNameEncoding)
   at System.IO.Compression.ZipFile.ExtractToDirectory(String sourceArchiveFileName, String destinationDirectoryName, Encoding entryNameEncoding)
   at System.IO.Compression.ZipFile.ExtractToDirectory(String sourceArchiveFileName, String destinationDirectoryName)
   at Updater.func.zip(String zipPath, String unzippath) in C:\Users\Bagherzadeh\documents\visual studio 2015\Projects\WindowsApplication40\WindowsApplication40\func.vb:line 79
----------------------------------------------------------2017-02-02 11:48:39 AM
System.IO.DirectoryNotFoundException: Could not find directory 'C:\Users\Bagherzadeh\documents\visual studio 2015\Projects\WindowsApplication40\WindowsApplication40\bin\Debug\tmpupdate'.
   at Microsoft.VisualBasic.FileIO.FileSystem.CopyOrMoveDirectory(CopyOrMove operation, String sourceDirectoryName, String destinationDirectoryName, Boolean overwrite, UIOptionInternal showUI, UICancelOption onUserCancel)
   at Microsoft.VisualBasic.MyServices.FileSystemProxy.CopyDirectory(String sourceDirectoryName, String destinationDirectoryName, Boolean overwrite)
   at Updater.func.copyto() in C:\Users\Bagherzadeh\documents\visual studio 2015\Projects\WindowsApplication40\WindowsApplication40\func.vb:line 30
----------------------------------------------------------2017-02-02 11:48:42 AM
System.ComponentModel.Win32Exception (0x80004005): The system cannot find the file specified
   at System.Diagnostics.Process.StartWithShellExecuteEx(ProcessStartInfo startInfo)
   at System.Diagnostics.Process.Start()
   at System.Diagnostics.Process.Start(ProcessStartInfo startInfo)
   at System.Diagnostics.Process.Start(String fileName, String arguments)
   at Updater.frmmain.Form1_Shown(Object sender, EventArgs e) in C:\Users\Bagherzadeh\documents\visual studio 2015\Projects\WindowsApplication40\WindowsApplication40\frmmain.vb:line 21
----------------------------------------------------------2017-02-02 11:48:44 AM
System.IO.FileNotFoundException: Could not find file 'C:\Users\Bagherzadeh\documents\visual studio 2015\Projects\WindowsApplication40\WindowsApplication40\bin\Debug\source.zip'.
File name: 'C:\Users\Bagherzadeh\documents\visual studio 2015\Projects\WindowsApplication40\WindowsApplication40\bin\Debug\source.zip'
   at System.IO.__Error.WinIOError(Int32 errorCode, String maybeFullPath)
   at System.IO.FileStream.Init(String path, FileMode mode, FileAccess access, Int32 rights, Boolean useRights, FileShare share, Int32 bufferSize, FileOptions options, SECURITY_ATTRIBUTES secAttrs, String msgPath, Boolean bFromProxy, Boolean useLongPath, Boolean checkHost)
   at System.IO.FileStream..ctor(String path, FileMode mode, FileAccess access, FileShare share)
   at System.IO.Compression.ZipFile.Open(String archiveFileName, ZipArchiveMode mode, Encoding entryNameEncoding)
   at System.IO.Compression.ZipFile.ExtractToDirectory(String sourceArchiveFileName, String destinationDirectoryName, Encoding entryNameEncoding)
   at System.IO.Compression.ZipFile.ExtractToDirectory(String sourceArchiveFileName, String destinationDirectoryName)
   at Updater.func.zip(String zipPath, String unzippath) in C:\Users\Bagherzadeh\documents\visual studio 2015\Projects\WindowsApplication40\WindowsApplication40\func.vb:line 79
----------------------------------------------------------2017-02-02 11:49:19 AM
System.IO.FileNotFoundException: Could not find file 'C:\Users\Bagherzadeh\documents\visual studio 2015\Projects\WindowsApplication40\WindowsApplication40\bin\Debug\source.zip'.
File name: 'C:\Users\Bagherzadeh\documents\visual studio 2015\Projects\WindowsApplication40\WindowsApplication40\bin\Debug\source.zip'
   at System.IO.__Error.WinIOError(Int32 errorCode, String maybeFullPath)
   at System.IO.FileStream.Init(String path, FileMode mode, FileAccess access, Int32 rights, Boolean useRights, FileShare share, Int32 bufferSize, FileOptions options, SECURITY_ATTRIBUTES secAttrs, String msgPath, Boolean bFromProxy, Boolean useLongPath, Boolean checkHost)
   at System.IO.FileStream..ctor(String path, FileMode mode, FileAccess access, FileShare share)
   at System.IO.Compression.ZipFile.Open(String archiveFileName, ZipArchiveMode mode, Encoding entryNameEncoding)
   at System.IO.Compression.ZipFile.ExtractToDirectory(String sourceArchiveFileName, String destinationDirectoryName, Encoding entryNameEncoding)
   at System.IO.Compression.ZipFile.ExtractToDirectory(String sourceArchiveFileName, String destinationDirectoryName)
   at Updater.func.zip(String zipPath, String unzippath) in C:\Users\Bagherzadeh\documents\visual studio 2015\Projects\WindowsApplication40\WindowsApplication40\func.vb:line 80
----------------------------------------------------------2017-02-02 12:19:46 PM
System.IO.DirectoryNotFoundException: Could not find directory 'C:\Users\Bagherzadeh\documents\visual studio 2015\Projects\WindowsApplication40\WindowsApplication40\bin\Debug\tmpupdate'.
   at Microsoft.VisualBasic.FileIO.FileSystem.CopyOrMoveDirectory(CopyOrMove operation, String sourceDirectoryName, String destinationDirectoryName, Boolean overwrite, UIOptionInternal showUI, UICancelOption onUserCancel)
   at Microsoft.VisualBasic.MyServices.FileSystemProxy.CopyDirectory(String sourceDirectoryName, String destinationDirectoryName, Boolean overwrite)
   at Updater.func.copyto() in C:\Users\Bagherzadeh\documents\visual studio 2015\Projects\WindowsApplication40\WindowsApplication40\func.vb:line 31
----------------------------------------------------------2017-02-02 12:19:49 PM
System.ComponentModel.Win32Exception (0x80004005): The system cannot find the file specified
   at System.Diagnostics.Process.StartWithShellExecuteEx(ProcessStartInfo startInfo)
   at System.Diagnostics.Process.Start()
   at System.Diagnostics.Process.Start(ProcessStartInfo startInfo)
   at System.Diagnostics.Process.Start(String fileName, String arguments)
   at Updater.frmmain.Form1_Shown(Object sender, EventArgs e) in C:\Users\Bagherzadeh\documents\visual studio 2015\Projects\WindowsApplication40\WindowsApplication40\frmmain.vb:line 21
----------------------------------------------------------2017-02-02 12:20:18 PM
System.IO.FileNotFoundException: Could not find file 'C:\Users\Bagherzadeh\documents\visual studio 2015\Projects\WindowsApplication40\WindowsApplication40\bin\Debug\source.zip'.
File name: 'C:\Users\Bagherzadeh\documents\visual studio 2015\Projects\WindowsApplication40\WindowsApplication40\bin\Debug\source.zip'
   at System.IO.__Error.WinIOError(Int32 errorCode, String maybeFullPath)
   at System.IO.FileStream.Init(String path, FileMode mode, FileAccess access, Int32 rights, Boolean useRights, FileShare share, Int32 bufferSize, FileOptions options, SECURITY_ATTRIBUTES secAttrs, String msgPath, Boolean bFromProxy, Boolean useLongPath, Boolean checkHost)
   at System.IO.FileStream..ctor(String path, FileMode mode, FileAccess access, FileShare share)
   at System.IO.Compression.ZipFile.Open(String archiveFileName, ZipArchiveMode mode, Encoding entryNameEncoding)
   at System.IO.Compression.ZipFile.ExtractToDirectory(String sourceArchiveFileName, String destinationDirectoryName, Encoding entryNameEncoding)
   at System.IO.Compression.ZipFile.ExtractToDirectory(String sourceArchiveFileName, String destinationDirectoryName)
   at Updater.func.zip(String zipPath, String unzippath) in C:\Users\Bagherzadeh\documents\visual studio 2015\Projects\WindowsApplication40\WindowsApplication40\func.vb:line 80
----------------------------------------------------------2017-02-02 1:19:35 PM
System.IO.DirectoryNotFoundException: Could not find directory 'C:\Users\Bagherzadeh\documents\visual studio 2015\Projects\WindowsApplication40\WindowsApplication40\bin\Debug\tmpupdate'.
   at Microsoft.VisualBasic.FileIO.FileSystem.CopyOrMoveDirectory(CopyOrMove operation, String sourceDirectoryName, String destinationDirectoryName, Boolean overwrite, UIOptionInternal showUI, UICancelOption onUserCancel)
   at Microsoft.VisualBasic.MyServices.FileSystemProxy.CopyDirectory(String sourceDirectoryName, String destinationDirectoryName, Boolean overwrite)
   at Updater.func.copyto() in C:\Users\Bagherzadeh\documents\visual studio 2015\Projects\WindowsApplication40\WindowsApplication40\func.vb:line 31
----------------------------------------------------------2017-02-02 1:19:36 PM
System.ComponentModel.Win32Exception (0x80004005): The system cannot find the file specified
   at System.Diagnostics.Process.StartWithShellExecuteEx(ProcessStartInfo startInfo)
   at System.Diagnostics.Process.Start()
   at System.Diagnostics.Process.Start(ProcessStartInfo startInfo)
   at System.Diagnostics.Process.Start(String fileName, String arguments)
   at Updater.frmmain.Form1_Shown(Object sender, EventArgs e) in C:\Users\Bagherzadeh\documents\visual studio 2015\Projects\WindowsApplication40\WindowsApplication40\frmmain.vb:line 19
----------------------------------------------------------2017-02-02 1:19:38 PM